# JRE version: OpenJDK Runtime Environment Microsoft-13106358 (17.0.18+8) (build 17.0.18+8-LTS)
# Java VM: OpenJDK 64-Bit Server VM Microsoft-13106358 (17.0.18+8-LTS, mixed mode, sharing, tiered, compressed oops, compressed class ptrs, g1 gc, windows-amd64)
GC Precious Log:
 CPUs: 8 total, 8 available
 Memory: 15781M
 Large Page Support: Disabled
 NUMA Support: Disabled
 Compressed Oops: Enabled (32-bit)
 Heap Region Size: 1M
 Heap Min Capacity: 8M
 Heap Initial Capacity: 248M
 Heap Max Capacity: 2G
 Pre-touch: Disabled
 Parallel Workers: 8
 Concurrent Workers: 2
 Concurrent Refinement Workers: 8
 Periodic GC: Disabled
Heap:
 garbage-first heap   total 153600K, used 110840K [0x0000000080000000, 0x0000000100000000)
  region size 1024K, 28 young (28672K), 6 survivors (6144K)
 Metaspace       used 83800K, committed 84800K, reserved 557056K
  class space    used 11588K, committed 12096K, reserved 425984K
GC Heap History (20 events):
Event: 12.402 GC heap before
{Heap before GC invocations=27 (full 0):
 garbage-first heap   total 101376K, used 80794K [0x0000000080000000, 0x0000000100000000)
  region size 1024K, 26 young (26624K), 2 survivors (2048K)
 Metaspace       used 60521K, committed 61184K, reserved 491520K
  class space    used 8492K, committed 8768K, reserved 425984K
}
Event: 12.404 GC heap after
{Heap after GC invocations=28 (full 0):
 garbage-first heap   total 101376K, used 57864K [0x0000000080000000, 0x0000000100000000)
  region size 1024K, 2 young (2048K), 2 survivors (2048K)
 Metaspace       used 60521K, committed 61184K, reserved 491520K
  class space    used 8492K, committed 8768K, reserved 425984K
}
Event: 12.436 GC heap before
{Heap before GC invocations=28 (full 0):
 garbage-first heap   total 101376K, used 59912K [0x0000000080000000, 0x0000000100000000)
  region size 1024K, 4 young (4096K), 2 survivors (2048K)
 Metaspace       used 60844K, committed 61568K, reserved 491520K
  class space    used 8544K, committed 8896K, reserved 425984K
}
Event: 12.438 GC heap after
{Heap after GC invocations=29 (full 0):
 garbage-first heap   total 101376K, used 57495K [0x0000000080000000, 0x0000000100000000)
  region size 1024K, 1 young (1024K), 1 survivors (1024K)
 Metaspace       used 60844K, committed 61568K, reserved 491520K
  class space    used 8544K, committed 8896K, reserved 425984K
}
Event: 12.747 GC heap before
{Heap before GC invocations=29 (full 0):
 garbage-first heap   total 101376K, used 82071K [0x0000000080000000, 0x0000000100000000)
  region size 1024K, 25 young (25600K), 1 survivors (1024K)
 Metaspace       used 62825K, committed 63552K, reserved 491520K
  class space    used 8864K, committed 9216K, reserved 425984K
}
Event: 12.750 GC heap after
{Heap after GC invocations=30 (full 0):
 garbage-first heap   total 153600K, used 58263K [0x0000000080000000, 0x0000000100000000)
  region size 1024K, 2 young (2048K), 2 survivors (2048K)
 Metaspace       used 62825K, committed 63552K, reserved 491520K
  class space    used 8864K, committed 9216K, reserved 425984K
}
Event: 13.601 GC heap before
{Heap before GC invocations=31 (full 0):
 garbage-first heap   total 153600K, used 121751K [0x0000000080000000, 0x0000000100000000)
  region size 1024K, 65 young (66560K), 2 survivors (2048K)
 Metaspace       used 66198K, committed 66880K, reserved 491520K
  class space    used 9360K, committed 9664K, reserved 425984K
}
Event: 13.606 GC heap after
{Heap after GC invocations=32 (full 0):
 garbage-first heap   total 153600K, used 63147K [0x0000000080000000, 0x0000000100000000)
  region size 1024K, 6 young (6144K), 6 survivors (6144K)
 Metaspace       used 66198K, committed 66880K, reserved 491520K
  class space    used 9360K, committed 9664K, reserved 425984K
}
Event: 13.620 GC heap before
{Heap before GC invocations=32 (full 0):
 garbage-first heap   total 153600K, used 64171K [0x0000000080000000, 0x0000000100000000)
  region size 1024K, 7 young (7168K), 6 survivors (6144K)
 Metaspace       used 66203K, committed 66880K, reserved 491520K
  class space    used 9360K, committed 9664K, reserved 425984K
}
Event: 13.625 GC heap after
{Heap after GC invocations=33 (full 0):
 garbage-first heap   total 153600K, used 63102K [0x0000000080000000, 0x0000000100000000)
  region size 1024K, 1 young (1024K), 1 survivors (1024K)
 Metaspace       used 66203K, committed 66880K, reserved 491520K
  class space    used 9360K, committed 9664K, reserved 425984K
}
Event: 14.964 GC heap before
{Heap before GC invocations=33 (full 0):
 garbage-first heap   total 153600K, used 123518K [0x0000000080000000, 0x0000000100000000)
  region size 1024K, 60 young (61440K), 1 survivors (1024K)
 Metaspace       used 68444K, committed 69248K, reserved 491520K
  class space    used 9614K, committed 9984K, reserved 425984K
}
Event: 14.969 GC heap after
{Heap after GC invocations=34 (full 0):
 garbage-first heap   total 153600K, used 68444K [0x0000000080000000, 0x0000000100000000)
  region size 1024K, 7 young (7168K), 7 survivors (7168K)
 Metaspace       used 68444K, committed 69248K, reserved 491520K
  class space    used 9614K, committed 9984K, reserved 425984K
}
Event: 15.961 GC heap before
{Heap before GC invocations=34 (full 0):
 garbage-first heap   total 153600K, used 121692K [0x0000000080000000, 0x0000000100000000)
  region size 1024K, 60 young (61440K), 7 survivors (7168K)
 Metaspace       used 72523K, committed 73280K, reserved 491520K
  class space    used 10339K, committed 10688K, reserved 425984K
}
Event: 15.969 GC heap after
{Heap after GC invocations=35 (full 0):
 garbage-first heap   total 153600K, used 72148K [0x0000000080000000, 0x0000000100000000)
  region size 1024K, 5 young (5120K), 5 survivors (5120K)
 Metaspace       used 72523K, committed 73280K, reserved 491520K
  class space    used 10339K, committed 10688K, reserved 425984K
}
Event: 27.739 GC heap before
{Heap before GC invocations=35 (full 0):
 garbage-first heap   total 153600K, used 122324K [0x0000000080000000, 0x0000000100000000)
  region size 1024K, 55 young (56320K), 5 survivors (5120K)
 Metaspace       used 77453K, committed 78272K, reserved 557056K
  class space    used 10998K, committed 11392K, reserved 425984K
}
Event: 27.745 GC heap after
{Heap after GC invocations=36 (full 0):
 garbage-first heap   total 153600K, used 76574K [0x0000000080000000, 0x0000000100000000)
  region size 1024K, 5 young (5120K), 5 survivors (5120K)
 Metaspace       used 77453K, committed 78272K, reserved 557056K
  class space    used 10998K, committed 11392K, reserved 425984K
}
Event: 34.724 GC heap before
{Heap before GC invocations=36 (full 0):
 garbage-first heap   total 153600K, used 127774K [0x0000000080000000, 0x0000000100000000)
  region size 1024K, 51 young (52224K), 5 survivors (5120K)
 Metaspace       used 82008K, committed 82944K, reserved 557056K
  class space    used 11415K, committed 11904K, reserved 425984K
}
Event: 34.730 GC heap after
{Heap after GC invocations=37 (full 0):
 garbage-first heap   total 153600K, used 85164K [0x0000000080000000, 0x0000000100000000)
  region size 1024K, 6 young (6144K), 6 survivors (6144K)
 Metaspace       used 82008K, committed 82944K, reserved 557056K
  class space    used 11415K, committed 11904K, reserved 425984K
}
Event: 35.319 GC heap before
{Heap before GC invocations=37 (full 0):
 garbage-first heap   total 153600K, used 125100K [0x0000000080000000, 0x0000000100000000)
  region size 1024K, 45 young (46080K), 6 survivors (6144K)
 Metaspace       used 83294K, committed 84288K, reserved 557056K
  class space    used 11580K, committed 12096K, reserved 425984K
}
Event: 35.325 GC heap after
{Heap after GC invocations=38 (full 0):
 garbage-first heap   total 153600K, used 90360K [0x0000000080000000, 0x0000000100000000)
  region size 1024K, 6 young (6144K), 6 survivors (6144K)
 Metaspace       used 83294K, committed 84288K, reserved 557056K
  class space    used 11580K, committed 12096K, reserved 425984K
}

