# JRE version: OpenJDK Runtime Environment Microsoft-13106358 (17.0.18+8) (build 17.0.18+8-LTS)
# Java VM: OpenJDK 64-Bit Server VM Microsoft-13106358 (17.0.18+8-LTS, mixed mode, sharing, tiered, compressed oops, compressed class ptrs, g1 gc, windows-amd64)
GC Precious Log:
 CPUs: 8 total, 8 available
 Memory: 15781M
 Large Page Support: Disabled
 NUMA Support: Disabled
 Compressed Oops: Enabled (Zero based)
 Heap Region Size: 2M
 Heap Min Capacity: 8M
 Heap Initial Capacity: 248M
 Heap Max Capacity: 3946M
 Pre-touch: Disabled
 Parallel Workers: 8
 Concurrent Workers: 2
 Concurrent Refinement Workers: 8
 Periodic GC: Disabled
Heap:
 garbage-first heap   total 235520K, used 92663K [0x0000000709600000, 0x0000000800000000)
  region size 2048K, 9 young (18432K), 2 survivors (4096K)
 Metaspace       used 50222K, committed 50496K, reserved 1114112K
  class space    used 5733K, committed 5824K, reserved 1048576K
GC Heap History (20 events):
Event: 1.652 GC heap before
{Heap before GC invocations=2 (full 0):
 garbage-first heap   total 253952K, used 94004K [0x0000000709600000, 0x0000000800000000)
  region size 2048K, 44 young (90112K), 3 survivors (6144K)
 Metaspace       used 21242K, committed 21504K, reserved 1114112K
  class space    used 2614K, committed 2752K, reserved 1048576K
}
Event: 1.671 GC heap after
{Heap after GC invocations=3 (full 0):
 garbage-first heap   total 253952K, used 36474K [0x0000000709600000, 0x0000000800000000)
  region size 2048K, 10 young (20480K), 10 survivors (20480K)
 Metaspace       used 21242K, committed 21504K, reserved 1114112K
  class space    used 2614K, committed 2752K, reserved 1048576K
}
Event: 1.987 GC heap before
{Heap before GC invocations=4 (full 0):
 garbage-first heap   total 131072K, used 63098K [0x0000000709600000, 0x0000000800000000)
  region size 2048K, 23 young (47104K), 10 survivors (20480K)
 Metaspace       used 26074K, committed 26368K, reserved 1114112K
  class space    used 3316K, committed 3456K, reserved 1048576K
}
Event: 2.000 GC heap after
{Heap after GC invocations=5 (full 0):
 garbage-first heap   total 131072K, used 41347K [0x0000000709600000, 0x0000000800000000)
  region size 2048K, 2 young (4096K), 2 survivors (4096K)
 Metaspace       used 26074K, committed 26368K, reserved 1114112K
  class space    used 3316K, committed 3456K, reserved 1048576K
}
Event: 2.019 GC heap before
{Heap before GC invocations=5 (full 0):
 garbage-first heap   total 131072K, used 41347K [0x0000000709600000, 0x0000000800000000)
  region size 2048K, 3 young (6144K), 2 survivors (4096K)
 Metaspace       used 26490K, committed 26688K, reserved 1114112K
  class space    used 3359K, committed 3456K, reserved 1048576K
}
Event: 2.024 GC heap after
{Heap after GC invocations=6 (full 0):
 garbage-first heap   total 131072K, used 42151K [0x0000000709600000, 0x0000000800000000)
  region size 2048K, 1 young (2048K), 1 survivors (2048K)
 Metaspace       used 26490K, committed 26688K, reserved 1114112K
  class space    used 3359K, committed 3456K, reserved 1048576K
}
Event: 2.675 GC heap before
{Heap before GC invocations=6 (full 0):
 garbage-first heap   total 131072K, used 83111K [0x0000000709600000, 0x0000000800000000)
  region size 2048K, 22 young (45056K), 1 survivors (2048K)
 Metaspace       used 34751K, committed 35072K, reserved 1114112K
  class space    used 4156K, committed 4288K, reserved 1048576K
}
Event: 2.681 GC heap after
{Heap after GC invocations=7 (full 0):
 garbage-first heap   total 131072K, used 46536K [0x0000000709600000, 0x0000000800000000)
  region size 2048K, 3 young (6144K), 3 survivors (6144K)
 Metaspace       used 34751K, committed 35072K, reserved 1114112K
  class space    used 4156K, committed 4288K, reserved 1048576K
}
Event: 2.789 GC heap before
{Heap before GC invocations=7 (full 0):
 garbage-first heap   total 131072K, used 52680K [0x0000000709600000, 0x0000000800000000)
  region size 2048K, 7 young (14336K), 3 survivors (6144K)
 Metaspace       used 35991K, committed 36160K, reserved 1114112K
  class space    used 4271K, committed 4352K, reserved 1048576K
}
Event: 2.795 GC heap after
{Heap after GC invocations=8 (full 0):
 garbage-first heap   total 131072K, used 47941K [0x0000000709600000, 0x0000000800000000)
  region size 2048K, 1 young (2048K), 1 survivors (2048K)
 Metaspace       used 35991K, committed 36160K, reserved 1114112K
  class space    used 4271K, committed 4352K, reserved 1048576K
}
Event: 3.260 GC heap before
{Heap before GC invocations=9 (full 0):
 garbage-first heap   total 131072K, used 92997K [0x0000000709600000, 0x0000000800000000)
  region size 2048K, 23 young (47104K), 1 survivors (2048K)
 Metaspace       used 41369K, committed 41600K, reserved 1114112K
  class space    used 4944K, committed 5056K, reserved 1048576K
}
Event: 3.272 GC heap after
{Heap after GC invocations=10 (full 0):
 garbage-first heap   total 131072K, used 58217K [0x0000000709600000, 0x0000000800000000)
  region size 2048K, 3 young (6144K), 3 survivors (6144K)
 Metaspace       used 41369K, committed 41600K, reserved 1114112K
  class space    used 4944K, committed 5056K, reserved 1048576K
}
Event: 3.798 GC heap before
{Heap before GC invocations=11 (full 0):
 garbage-first heap   total 131072K, used 95081K [0x0000000709600000, 0x0000000800000000)
  region size 2048K, 21 young (43008K), 3 survivors (6144K)
 Metaspace       used 46019K, committed 46336K, reserved 1114112K
  class space    used 5454K, committed 5568K, reserved 1048576K
}
Event: 3.815 GC heap after
{Heap after GC invocations=12 (full 0):
 garbage-first heap   total 131072K, used 64880K [0x0000000709600000, 0x0000000800000000)
  region size 2048K, 3 young (6144K), 3 survivors (6144K)
 Metaspace       used 46019K, committed 46336K, reserved 1114112K
  class space    used 5454K, committed 5568K, reserved 1048576K
}
Event: 4.291 GC heap before
{Heap before GC invocations=12 (full 0):
 garbage-first heap   total 131072K, used 97648K [0x0000000709600000, 0x0000000800000000)
  region size 2048K, 19 young (38912K), 3 survivors (6144K)
 Metaspace       used 47738K, committed 48000K, reserved 1114112K
  class space    used 5601K, committed 5696K, reserved 1048576K
}
Event: 4.307 GC heap after
{Heap after GC invocations=13 (full 0):
 garbage-first heap   total 131072K, used 71532K [0x0000000709600000, 0x0000000800000000)
  region size 2048K, 3 young (6144K), 3 survivors (6144K)
 Metaspace       used 47738K, committed 48000K, reserved 1114112K
  class space    used 5601K, committed 5696K, reserved 1048576K
}
Event: 4.874 GC heap before
{Heap before GC invocations=14 (full 0):
 garbage-first heap   total 131072K, used 100204K [0x0000000709600000, 0x0000000800000000)
  region size 2048K, 17 young (34816K), 3 survivors (6144K)
 Metaspace       used 49074K, committed 49408K, reserved 1114112K
  class space    used 5679K, committed 5824K, reserved 1048576K
}
Event: 4.888 GC heap after
{Heap after GC invocations=15 (full 0):
 garbage-first heap   total 131072K, used 76973K [0x0000000709600000, 0x0000000800000000)
  region size 2048K, 3 young (6144K), 3 survivors (6144K)
 Metaspace       used 49074K, committed 49408K, reserved 1114112K
  class space    used 5679K, committed 5824K, reserved 1048576K
}
Event: 5.321 GC heap before
{Heap before GC invocations=15 (full 0):
 garbage-first heap   total 131072K, used 99501K [0x0000000709600000, 0x0000000800000000)
  region size 2048K, 14 young (28672K), 3 survivors (6144K)
 Metaspace       used 49868K, committed 50176K, reserved 1114112K
  class space    used 5719K, committed 5824K, reserved 1048576K
}
Event: 5.330 GC heap after
{Heap after GC invocations=16 (full 0):
 garbage-first heap   total 235520K, used 80375K [0x0000000709600000, 0x0000000800000000)
  region size 2048K, 2 young (4096K), 2 survivors (4096K)
 Metaspace       used 49868K, committed 50176K, reserved 1114112K
  class space    used 5719K, committed 5824K, reserved 1048576K
}

